<?xml version="1.0" encoding="UTF-8" ?>
<testsuite failures="1" time="0.959" errors="0" skipped="0" tests="1" name="org.glassfish.jersey.examples.helloworld.webapp.HelloWorldTest">
  <properties>
[...]
</properties>
  <testcase time="0.959" classname="org.glassfish.jersey.examples.helloworld.webapp.HelloWorldTest" name="testClientStringResponse">
    <failure message="expected:&lt;Hello World![]&gt; but was:&lt;Hello World![ Hello World, too!]&gt;" type="org.junit.ComparisonFailure">org.junit.ComparisonFailure: expected:&lt;Hello World![]&gt; but was:&lt;Hello World![ Hello World, too!]&gt;
	at org.junit.Assert.assertEquals(Assert.java:115)
	at org.junit.Assert.assertEquals(Assert.java:144)
	at org.glassfish.jersey.examples.helloworld.webapp.HelloWorldTest.testClientStringResponse(HelloWorldTest.java:72)
</failure>
    <system-err>Jan 17, 2014 11:29:08 AM org.glassfish.jersey.server.ApplicationHandler initialize
INFO: Initiating Jersey application, version Jersey: 2.5.1 2014-01-02 13:43:00...
Jan 17, 2014 11:29:09 AM org.glassfish.jersey.test.grizzly.GrizzlyTestContainerFactory$GrizzlyTestContainer start
INFO: Starting GrizzlyTestContainer...
Jan 17, 2014 11:29:09 AM org.glassfish.grizzly.http.server.NetworkListener start
INFO: Started listener bound to [localhost:9998]
Jan 17, 2014 11:29:09 AM org.glassfish.grizzly.http.server.HttpServer start
INFO: [HttpServer] Started.
Jan 17, 2014 11:29:10 AM org.glassfish.jersey.test.grizzly.GrizzlyTestContainerFactory$GrizzlyTestContainer stop
INFO: Stopping GrizzlyTestContainer...
Jan 17, 2014 11:29:10 AM org.glassfish.grizzly.http.server.NetworkListener shutdownNow
INFO: Stopped listener bound to [localhost:9998]
</system-err>
  </testcase>
</testsuite>